<component name="libraryTable">
  <library name="junit-addons:junit-addons:1.4" type="repository">
    <properties maven-id="junit-addons:junit-addons:1.4" />
    <CLASSES>
      <root url="jar://$MAVEN_REPOSITORY$/junit-addons/junit-addons/1.4/junit-addons-1.4.jar!/" />
      <root url="jar://$MAVEN_REPOSITORY$/junit/junit/3.8.1/junit-3.8.1.jar!/" />
      <root url="jar://$MAVEN_REPOSITORY$/xerces/xercesImpl/2.6.2/xercesImpl-2.6.2.jar!/" />
      <root url="jar://$MAVEN_REPOSITORY$/xerces/xmlParserAPIs/2.6.2/xmlParserAPIs-2.6.2.jar!/" />
    </CLASSES>
    <JAVADOC />
    <SOURCES />
  </library>
</component>